<?xml version="1.0" encoding="UTF-8"?>
<testsuite xmlns:xsi="http://www.w3.org/2001/XMLSchema-instance" xsi:noNamespaceSchemaLocation="https://maven.apache.org/surefire/maven-surefire-plugin/xsd/surefire-test-report-3.0.xsd" version="3.0" name="ru.job4j.iterator.ArrayItTest" time="0.243" tests="2" errors="0" skipped="0" failures="0">
  <properties>
[...]
</properties>
  <testcase name="whenReadSequence" classname="ru.job4j.iterator.ArrayItTest" time="0.208"/>
  <testcase name="whenMultiCallHasNextThenTrue" classname="ru.job4j.iterator.ArrayItTest" time="0.004"/>
</testsuite>